0 info it worked if it ends with ok
1 verbose cli [ 'C:\\Program Files\\nodejs\\node.exe',
1 verbose cli   'C:\\Program Files\\nodejs\\node_modules\\npm\\bin\\npm-cli.js',
1 verbose cli   'i',
1 verbose cli   'amqplib/callback_api',
1 verbose cli   '--save' ]
2 info using npm@3.10.10
3 info using node@v6.11.0
4 silly loadCurrentTree Starting
5 silly install loadCurrentTree
6 silly install readLocalPackageData
7 silly fetchPackageMetaData amqplib/callback_api
8 silly fetchOtherPackageData amqplib/callback_api
9 silly cache add args [ 'amqplib/callback_api', null ]
10 verbose cache add spec amqplib/callback_api
11 silly cache add parsed spec Result {
11 silly cache add   raw: 'amqplib/callback_api',
11 silly cache add   scope: null,
11 silly cache add   escapedName: null,
11 silly cache add   name: null,
11 silly cache add   rawSpec: 'amqplib/callback_api',
11 silly cache add   spec: 'github:amqplib/callback_api',
11 silly cache add   type: 'hosted',
11 silly cache add   hosted:
11 silly cache add    { type: 'github',
11 silly cache add      ssh: 'git@github.com:amqplib/callback_api.git',
11 silly cache add      sshUrl: 'git+ssh://git@github.com/amqplib/callback_api.git',
11 silly cache add      httpsUrl: 'git+https://github.com/amqplib/callback_api.git',
11 silly cache add      gitUrl: 'git://github.com/amqplib/callback_api.git',
11 silly cache add      shortcut: 'github:amqplib/callback_api',
11 silly cache add      directUrl: 'https://raw.githubusercontent.com/amqplib/callback_api/master/package.json' } }
12 verbose addRemoteGit caching amqplib/callback_api
13 verbose addRemoteGit amqplib/callback_api is a repository hosted by github
14 silly tryGitProto attempting to clone git://github.com/amqplib/callback_api.git
15 silly tryClone cloning amqplib/callback_api via git://github.com/amqplib/callback_api.git
16 verbose tryClone git-github-com-amqplib-callback-api-git-9cf63ebb not in flight; caching
17 verbose correctMkdir C:\Users\sr354095\AppData\Roaming\npm-cache\_git-remotes correctMkdir not in flight; initializing
18 verbose makeDirectory C:\Users\sr354095\AppData\Roaming\npm-cache\_git-remotes creation not in flight; initializing
19 verbose makeCacheDir UID & GID are irrelevant on win32
20 info git [ 'clone',
20 info git   '--template=C:\\Users\\sr354095\\AppData\\Roaming\\npm-cache\\_git-remotes\\_templates',
20 info git   '--mirror',
20 info git   'git://github.com/amqplib/callback_api.git',
20 info git   'C:\\Users\\sr354095\\AppData\\Roaming\\npm-cache\\_git-remotes\\git-github-com-amqplib-callback-api-git-9cf63ebb' ]
21 verbose git clone --template=C:\Users\sr354095\AppData\Roaming\npm-cache\_git-remotes\_templates --mirror git://github.com/amqplib/callback_api.git C:\Users\sr354095\AppData\Roaming\npm-cache\_git-remotes\git-github-com-amqplib-callback-api-git-9cf63ebb: Cloning into bare repository 'C:\Users\sr354095\AppData\Roaming\npm-cache\_git-remotes\git-github-com-amqplib-callback-api-git-9cf63ebb'...
21 verbose git clone --template=C:\Users\sr354095\AppData\Roaming\npm-cache\_git-remotes\_templates --mirror git://github.com/amqplib/callback_api.git C:\Users\sr354095\AppData\Roaming\npm-cache\_git-remotes\git-github-com-amqplib-callback-api-git-9cf63ebb: fatal: read error: Invalid argument
22 silly tryHTTPS attempting to clone git+https://github.com/amqplib/callback_api.git
23 silly tryClone cloning amqplib/callback_api via git+https://github.com/amqplib/callback_api.git
24 verbose tryClone git-https-github-com-amqplib-callback-api-git-3db3b20e not in flight; caching
25 verbose correctMkdir C:\Users\sr354095\AppData\Roaming\npm-cache\_git-remotes correctMkdir not in flight; initializing
26 info git [ 'clone',
26 info git   '--template=C:\\Users\\sr354095\\AppData\\Roaming\\npm-cache\\_git-remotes\\_templates',
26 info git   '--mirror',
26 info git   'https://github.com/amqplib/callback_api.git',
26 info git   'C:\\Users\\sr354095\\AppData\\Roaming\\npm-cache\\_git-remotes\\git-https-github-com-amqplib-callback-api-git-3db3b20e' ]
27 verbose git clone --template=C:\Users\sr354095\AppData\Roaming\npm-cache\_git-remotes\_templates --mirror https://github.com/amqplib/callback_api.git C:\Users\sr354095\AppData\Roaming\npm-cache\_git-remotes\git-https-github-com-amqplib-callback-api-git-3db3b20e: Cloning into bare repository 'C:\Users\sr354095\AppData\Roaming\npm-cache\_git-remotes\git-https-github-com-amqplib-callback-api-git-3db3b20e'...
27 verbose git clone --template=C:\Users\sr354095\AppData\Roaming\npm-cache\_git-remotes\_templates --mirror https://github.com/amqplib/callback_api.git C:\Users\sr354095\AppData\Roaming\npm-cache\_git-remotes\git-https-github-com-amqplib-callback-api-git-3db3b20e: fatal: unable to access 'https://github.com/amqplib/callback_api.git/': Unknown SSL protocol error in connection to github.com:443
28 silly trySSH attempting to clone git@github.com:amqplib/callback_api.git
29 silly tryClone cloning amqplib/callback_api via git@github.com:amqplib/callback_api.git
30 verbose tryClone git-github-com-amqplib-callback-api-git-68f9b257 not in flight; caching
31 verbose correctMkdir C:\Users\sr354095\AppData\Roaming\npm-cache\_git-remotes correctMkdir not in flight; initializing
32 info git [ 'clone',
32 info git   '--template=C:\\Users\\sr354095\\AppData\\Roaming\\npm-cache\\_git-remotes\\_templates',
32 info git   '--mirror',
32 info git   'git@github.com:amqplib/callback_api.git',
32 info git   'C:\\Users\\sr354095\\AppData\\Roaming\\npm-cache\\_git-remotes\\git-github-com-amqplib-callback-api-git-68f9b257' ]
33 error git clone --template=C:\Users\sr354095\AppData\Roaming\npm-cache\_git-remotes\_templates --mirror git@github.com:amqplib/callback_api.git C:\Users\sr354095\AppData\Roaming\npm-cache\_git-remotes\git-github-com-amqplib-callback-api-git-68f9b257: Cloning into bare repository 'C:\Users\sr354095\AppData\Roaming\npm-cache\_git-remotes\git-github-com-amqplib-callback-api-git-68f9b257'...
33 error git clone --template=C:\Users\sr354095\AppData\Roaming\npm-cache\_git-remotes\_templates --mirror git@github.com:amqplib/callback_api.git C:\Users\sr354095\AppData\Roaming\npm-cache\_git-remotes\git-github-com-amqplib-callback-api-git-68f9b257: ssh_exchange_identification: read: Connection reset by peer
33 error git clone --template=C:\Users\sr354095\AppData\Roaming\npm-cache\_git-remotes\_templates --mirror git@github.com:amqplib/callback_api.git C:\Users\sr354095\AppData\Roaming\npm-cache\_git-remotes\git-github-com-amqplib-callback-api-git-68f9b257: fatal: Could not read from remote repository.
33 error git clone --template=C:\Users\sr354095\AppData\Roaming\npm-cache\_git-remotes\_templates --mirror git@github.com:amqplib/callback_api.git C:\Users\sr354095\AppData\Roaming\npm-cache\_git-remotes\git-github-com-amqplib-callback-api-git-68f9b257:
33 error git clone --template=C:\Users\sr354095\AppData\Roaming\npm-cache\_git-remotes\_templates --mirror git@github.com:amqplib/callback_api.git C:\Users\sr354095\AppData\Roaming\npm-cache\_git-remotes\git-github-com-amqplib-callback-api-git-68f9b257: Please make sure you have the correct access rights
33 error git clone --template=C:\Users\sr354095\AppData\Roaming\npm-cache\_git-remotes\_templates --mirror git@github.com:amqplib/callback_api.git C:\Users\sr354095\AppData\Roaming\npm-cache\_git-remotes\git-github-com-amqplib-callback-api-git-68f9b257: and the repository exists.
34 silly fetchPackageMetaData Error: Command failed: git -c core.longpaths=true clone --template=C:\Users\sr354095\AppData\Roaming\npm-cache\_git-remotes\_templates --mirror git@github.com:amqplib/callback_api.git C:\Users\sr354095\AppData\Roaming\npm-cache\_git-remotes\git-github-com-amqplib-callback-api-git-68f9b257
34 silly fetchPackageMetaData Cloning into bare repository 'C:\Users\sr354095\AppData\Roaming\npm-cache\_git-remotes\git-github-com-amqplib-callback-api-git-68f9b257'...
34 silly fetchPackageMetaData ssh_exchange_identification: read: Connection reset by peer
34 silly fetchPackageMetaData fatal: Could not read from remote repository.
34 silly fetchPackageMetaData
34 silly fetchPackageMetaData Please make sure you have the correct access rights
34 silly fetchPackageMetaData and the repository exists.
34 silly fetchPackageMetaData
34 silly fetchPackageMetaData     at ChildProcess.exithandler (child_process.js:204:12)
34 silly fetchPackageMetaData     at emitTwo (events.js:106:13)
34 silly fetchPackageMetaData     at ChildProcess.emit (events.js:191:7)
34 silly fetchPackageMetaData     at maybeClose (internal/child_process.js:891:16)
34 silly fetchPackageMetaData     at Process.ChildProcess._handle.onexit (internal/child_process.js:226:5)
34 silly fetchPackageMetaData  error for amqplib/callback_api { Error: Command failed: git -c core.longpaths=true clone --template=C:\Users\sr354095\AppData\Roaming\npm-cache\_git-remotes\_templates --mirror git@github.com:amqplib/callback_api.git C:\Users\sr354095\AppData\Roaming\npm-cache\_git-remotes\git-github-com-amqplib-callback-api-git-68f9b257
34 silly fetchPackageMetaData Cloning into bare repository 'C:\Users\sr354095\AppData\Roaming\npm-cache\_git-remotes\git-github-com-amqplib-callback-api-git-68f9b257'...
34 silly fetchPackageMetaData ssh_exchange_identification: read: Connection reset by peer
34 silly fetchPackageMetaData fatal: Could not read from remote repository.
34 silly fetchPackageMetaData
34 silly fetchPackageMetaData Please make sure you have the correct access rights
34 silly fetchPackageMetaData and the repository exists.
34 silly fetchPackageMetaData
34 silly fetchPackageMetaData     at ChildProcess.exithandler (child_process.js:204:12)
34 silly fetchPackageMetaData     at emitTwo (events.js:106:13)
34 silly fetchPackageMetaData     at ChildProcess.emit (events.js:191:7)
34 silly fetchPackageMetaData     at maybeClose (internal/child_process.js:891:16)
34 silly fetchPackageMetaData     at Process.ChildProcess._handle.onexit (internal/child_process.js:226:5)
34 silly fetchPackageMetaData   killed: false,
34 silly fetchPackageMetaData   code: 128,
34 silly fetchPackageMetaData   signal: null,
34 silly fetchPackageMetaData   cmd: 'git -c core.longpaths=true clone --template=C:\\Users\\sr354095\\AppData\\Roaming\\npm-cache\\_git-remotes\\_templates --mirror git@github.com:amqplib/callback_api.git C:\\Users\\sr354095\\AppData\\Roaming\\npm-cache\\_git-remotes\\git-github-com-amqplib-callback-api-git-68f9b257' }
35 silly rollbackFailedOptional Starting
36 silly rollbackFailedOptional Finishing
37 silly runTopLevelLifecycles Finishing
38 silly install printInstalled
39 verbose stack Error: Command failed: git -c core.longpaths=true clone --template=C:\Users\sr354095\AppData\Roaming\npm-cache\_git-remotes\_templates --mirror git@github.com:amqplib/callback_api.git C:\Users\sr354095\AppData\Roaming\npm-cache\_git-remotes\git-github-com-amqplib-callback-api-git-68f9b257
39 verbose stack Cloning into bare repository 'C:\Users\sr354095\AppData\Roaming\npm-cache\_git-remotes\git-github-com-amqplib-callback-api-git-68f9b257'...
39 verbose stack ssh_exchange_identification: read: Connection reset by peer
39 verbose stack fatal: Could not read from remote repository.
39 verbose stack
39 verbose stack Please make sure you have the correct access rights
39 verbose stack and the repository exists.
39 verbose stack
39 verbose stack     at ChildProcess.exithandler (child_process.js:204:12)
39 verbose stack     at emitTwo (events.js:106:13)
39 verbose stack     at ChildProcess.emit (events.js:191:7)
39 verbose stack     at maybeClose (internal/child_process.js:891:16)
39 verbose stack     at Process.ChildProcess._handle.onexit (internal/child_process.js:226:5)
40 verbose cwd E:\onlineStore\OMS\microservices\orderRoutingService
41 error Windows_NT 10.0.14393
42 error argv "C:\\Program Files\\nodejs\\node.exe" "C:\\Program Files\\nodejs\\node_modules\\npm\\bin\\npm-cli.js" "i" "amqplib/callback_api" "--save"
43 error node v6.11.0
44 error npm  v3.10.10
45 error code 128
46 error Command failed: git -c core.longpaths=true clone --template=C:\Users\sr354095\AppData\Roaming\npm-cache\_git-remotes\_templates --mirror git@github.com:amqplib/callback_api.git C:\Users\sr354095\AppData\Roaming\npm-cache\_git-remotes\git-github-com-amqplib-callback-api-git-68f9b257
46 error Cloning into bare repository 'C:\Users\sr354095\AppData\Roaming\npm-cache\_git-remotes\git-github-com-amqplib-callback-api-git-68f9b257'...
46 error ssh_exchange_identification: read: Connection reset by peer
46 error fatal: Could not read from remote repository.
46 error
46 error Please make sure you have the correct access rights
46 error and the repository exists.
47 error If you need help, you may report this error at:
47 error     <https://github.com/npm/npm/issues>
48 verbose exit [ 1, true ]
